0 verbose cli [
0 verbose cli   'C:\\Program Files\\nodejs\\node.exe',
0 verbose cli   'C:\\Program Files\\nodejs\\node_modules\\npm\\bin\\npm-cli.js',
0 verbose cli   'install'
0 verbose cli ]
1 info using npm@8.5.5
2 info using node@v17.8.0
3 timing npm:load:whichnode Completed in 0ms
4 timing config:load:defaults Completed in 5ms
5 timing config:load:file:C:\Program Files\nodejs\node_modules\npm\npmrc Completed in 15ms
6 timing config:load:builtin Completed in 17ms
7 timing config:load:cli Completed in 3ms
8 timing config:load:env Completed in 2ms
9 timing config:load:file:D:\React\event-managment\.npmrc Completed in 1ms
10 timing config:load:project Completed in 3ms
11 timing config:load:file:C:\Users\HP\.npmrc Completed in 1ms
12 timing config:load:user Completed in 1ms
13 timing config:load:file:C:\Users\HP\AppData\Roaming\npm\etc\npmrc Completed in 1ms
14 timing config:load:global Completed in 1ms
15 timing config:load:validate Completed in 0ms
16 timing config:load:credentials Completed in 3ms
17 timing config:load:setEnvs Completed in 4ms
18 timing config:load Completed in 40ms
19 timing npm:load:configload Completed in 40ms
20 timing npm:load:setTitle Completed in 1ms
21 timing config:load:flatten Completed in 7ms
22 timing npm:load:display Completed in 9ms
23 verbose logfile C:\Users\HP\AppData\Local\npm-cache\_logs\2023-08-31T14_18_11_211Z-debug-0.log
24 timing npm:load:logFile Completed in 10ms
25 timing npm:load:timers Completed in 0ms
26 timing npm:load:configScope Completed in 0ms
27 timing npm:load Completed in 62ms
28 timing arborist:ctor Completed in 2ms
29 silly logfile start cleaning logs, removing 4 files
30 timing arborist:ctor Completed in 0ms
31 timing idealTree:init Completed in 42ms
32 timing idealTree:userRequests Completed in 1ms
33 silly idealTree buildDeps
34 timing idealTree:#root Completed in 0ms
35 timing idealTree:buildDeps Completed in 5ms
36 timing idealTree:fixDepFlags Completed in 0ms
37 timing idealTree Completed in 51ms
38 timing reify:loadTrees Completed in 55ms
39 timing reify:diffTrees Completed in 2ms
40 silly reify moves {}
41 timing reify:retireShallow Completed in 1ms
42 timing reify:createSparse Completed in 0ms
43 timing reify:loadBundles Completed in 0ms
44 silly audit report null
45 timing reify:audit Completed in 2ms
46 timing reify:unpack Completed in 0ms
47 timing reify:unretire Completed in 0ms
48 timing build:queue Completed in 0ms
49 timing build:deps Completed in 1ms
50 timing build Completed in 2ms
51 timing reify:build Completed in 3ms
52 timing reify:trash Completed in 0ms
53 timing reify:save Completed in 5ms
54 timing reify Completed in 109ms
55 timing command:install Completed in 118ms
56 verbose stack Error: ENOENT: no such file or directory, open 'D:\React\event-managment\package.json'
57 verbose cwd D:\React\event-managment
58 verbose Windows_NT 10.0.19045
59 verbose argv "C:\\Program Files\\nodejs\\node.exe" "C:\\Program Files\\nodejs\\node_modules\\npm\\bin\\npm-cli.js" "install"
60 verbose node v17.8.0
61 verbose npm  v8.5.5
62 error code ENOENT
63 error syscall open
64 error path D:\React\event-managment/package.json
65 error errno -4058
66 error enoent ENOENT: no such file or directory, open 'D:\React\event-managment\package.json'
67 error enoent This is related to npm not being able to find a file.
67 error enoent
68 verbose exit -4058
69 timing npm Completed in 1086ms
70 verbose code -4058
71 error A complete log of this run can be found in:
71 error     C:\Users\HP\AppData\Local\npm-cache\_logs\2023-08-31T14_18_11_211Z-debug-0.log
